
  File         Time
 number       average          Maximum          Minimum
_______________________________________________________

    1         4.08375          15.0000          0.00000 

    2         4.41111          15.0000          0.00000 

    3         7.16041          20.0000          0.00000 
_______________________________________________________




Delays in queue, in minutes:

 sampst                         Number
variable                          of
 number       Average           values          Maximum          Minimum
________________________________________________________________________

    1         18.8578          101.000          44.5222         0.361925 

    2         21.3268          97.0000          47.9261         0.255104 

    3         17.5221          180.000          41.8095         0.423820 
________________________________________________________________________




legend: 
   1 - terminal 1,
   2 - terminal 2,
   3 - car rental


With 30 capacity bus, average number in bus =      0.000